<component name="libraryTable">
  <library name="junit4-4.11">
    <CLASSES>
      <root url="jar:///usr/share/java/junit4-4.11.jar!/" />
    </CLASSES>
    <JAVADOC />
    <SOURCES />
  </library>
</component>